Start testing: Jul 05 08:01 UTC
----------------------------------------------------------
1/1 Testing: test_hw_11
1/1 Test: test_hw_11
Command: "/home/travis/build/Alkud/OTUS_HOMEWORK_11/otus_hw_11_test"
Directory: /home/travis/build/Alkud/OTUS_HOMEWORK_11
"test_hw_11" start time: Jul 05 08:01 UTC
Output:
----------------------------------------------------------
Running 7 test cases...
                                disconnect started
                                disconnect finished

                            AsyncCP destructor
                                receiving started
                                receiving finished
                                receiving started
                                receiving finished
                                receiving started
                                receiving finished
                                receiving started
                                receiving finished
                                disconnect started
                                disconnect finished

                            AsyncCP destructor
                                disconnect started
                                disconnect finished

                            AsyncCP destructor
                                disconnect started
                                disconnect started
                                disconnect started
                                disconnect started
                                disconnect started
                                disconnect started
                                disconnect started
                                disconnect started
                                disconnect finished

                            AsyncCP destructor
                                disconnect started
                                disconnect started
                                disconnect finished

                            AsyncCP destructor
                                disconnect finished

                            AsyncCP destructor
                                disconnect finished

                            AsyncCP destructor
                                disconnect finished

                            AsyncCP destructor
                                disconnect finished

                            AsyncCP destructor
                                disconnect finished

                            AsyncCP destructor
                                disconnect finished

                            AsyncCP destructor
                                disconnect finished

                            AsyncCP destructor
                                disconnect finished

                            AsyncCP destructor
                                receiving started
                                receiving finished
                                receiving started
                                receiving finished
                                receiving started
                                receiving started
                                receiving finished
                                receiving started
                                receiving started
                                receiving started
                                receiving started
                                receiving started
                                receiving started
                                receiving finished
                                receiving finished
                                receiving finished
                                receiving finished
                                receiving finished
                                receiving finished
                                receiving finished
                                disconnect started
                                disconnect finished

                            AsyncCP destructor
                                disconnect started
                                disconnect finished

                            AsyncCP destructor
                                receiving started
                                receiving finished
                                receiving started
                                receiving finished
                                receiving started
                                receiving finished
                                disconnect started
                                disconnect finished

                            AsyncCP destructor
                                receiving started
                                receiving finished
                                disconnect started
                                disconnect finished

                            AsyncCP destructor

*** No errors detected
<end of output>
Test time =   0.03 sec
----------------------------------------------------------
Test Passed.
"test_hw_11" end time: Jul 05 08:01 UTC
"test_hw_11" time elapsed: 00:00:00
----------------------------------------------------------

End testing: Jul 05 08:01 UTC
