Start testing: Jul 05 07:44 UTC
----------------------------------------------------------
1/1 Testing: test_hw_11
1/1 Test: test_hw_11
Command: "/home/travis/build/Alkud/OTUS_HOMEWORK_11/otus_hw_11_test"
Directory: /home/travis/build/Alkud/OTUS_HOMEWORK_11
"test_hw_11" start time: Jul 05 07:44 UTC
Output:
----------------------------------------------------------
Running 7 test cases...
                                disconnect started
                                disconnect finished

                            AsyncCP destructor

                    input reader destructor, shouldExit = 1

                    input processor  destructor, shouldExit = 1

                    publisher destructor, shouldExit = 1

                    logger destructor, shouldExit = 1

                    bulk buffer destructor, shouldExit = 1

                    command buffer destructor, shouldExit = 1

                    character buffer destructor, shouldExit = 1
                                receiving started
                                receiving finished
                                receiving started
                                receiving finished
                                receiving started
                                receiving finished
                                receiving started
                                receiving finished
                                disconnect started
                                disconnect finished

                            AsyncCP destructor

                    input reader destructor, shouldExit = 1

                    input processor  destructor, shouldExit = 1

                    publisher destructor, shouldExit = 1

                    logger destructor, shouldExit = 1

                    bulk buffer destructor, shouldExit = 1

                    command buffer destructor, shouldExit = 1

                    character buffer destructor, shouldExit = 1
                                disconnect started
                                disconnect finished

                            AsyncCP destructor

                    input reader destructor, shouldExit = 1

                    input processor  destructor, shouldExit = 1

                    publisher destructor, shouldExit = 1

                    logger destructor, shouldExit = 1

                    bulk buffer destructor, shouldExit = 1

                    command buffer destructor, shouldExit = 1

                    character buffer destructor, shouldExit = 1
                                disconnect started
                                disconnect started
                                disconnect started
                                disconnect started
                                disconnect started
                                disconnect started
                                disconnect started
                                disconnect finished

                            AsyncCP destructor

                    input reader destructor, shouldExit = 1

                    input processor  destructor, shouldExit = 1

                    publisher destructor, shouldExit = 1

                    logger destructor, shouldExit = 1
                                disconnect started

                    bulk buffer destructor, shouldExit = 1

                    command buffer destructor, shouldExit = 1

                    character buffer destructor, shouldExit = 1
                                disconnect started
                                disconnect started
                                disconnect finished

                            AsyncCP destructor

                    input reader destructor, shouldExit = 1

                    input processor  destructor, shouldExit = 1

                    publisher destructor, shouldExit = 1

                    logger destructor, shouldExit = 1

                    bulk buffer destructor, shouldExit = 1

                    command buffer destructor, shouldExit = 1

                    character buffer destructor, shouldExit = 1
                                disconnect finished

                            AsyncCP destructor

                    input reader destructor, shouldExit = 1

                    input processor  destructor, shouldExit = 1

                    publisher destructor, shouldExit = 1

                    logger destructor, shouldExit = 1

                    bulk buffer destructor, shouldExit = 1

                    command buffer destructor, shouldExit = 1

                    character buffer destructor, shouldExit = 1
                                disconnect finished

                            AsyncCP destructor

                    input reader destructor, shouldExit = 1

                    input processor  destructor, shouldExit = 1

                    publisher destructor, shouldExit = 1

                    logger destructor, shouldExit = 1

                    bulk buffer destructor, shouldExit = 1

                    command buffer destructor, shouldExit = 1

                    character buffer destructor, shouldExit = 1
                                disconnect finished

                            AsyncCP destructor

                    input reader destructor, shouldExit = 1

                    input processor  destructor, shouldExit = 1

                    publisher destructor, shouldExit = 1

                    logger destructor, shouldExit = 1

                    bulk buffer destructor, shouldExit = 1

                    command buffer destructor, shouldExit = 1

                    character buffer destructor, shouldExit = 1
                                disconnect finished

                            AsyncCP destructor

                    input reader destructor, shouldExit = 1

                    input processor  destructor, shouldExit = 1
                                disconnect finished

                            AsyncCP destructor

                    input reader destructor, shouldExit = 1

                    input processor  destructor, shouldExit = 1

                    publisher destructor, shouldExit = 1
                                disconnect finished

                            AsyncCP destructor

                    input reader destructor, shouldExit = 1

                    input processor  destructor, shouldExit = 1

                    publisher destructor, shouldExit = 1

                    logger destructor, shouldExit = 1

                    bulk buffer destructor, shouldExit = 1

                    logger destructor, shouldExit = 1

                    
                    publisher destructor, shouldExit = bulk buffer destructor, shouldExit = 11


                    logger destructor, shouldExit = 1

                    command buffer destructor, shouldExit = 1

                    character buffer destructor, shouldExit = 1

                    bulk buffer destructor, shouldExit = 1

                    command buffer destructor, shouldExit = 1

                    character buffer destructor, shouldExit = 1
                                disconnect finished

                            AsyncCP destructor

                    input reader destructor, shouldExit = 1

                    input processor  destructor, shouldExit = 1
                                disconnect finished

                            AsyncCP destructor

                    input reader destructor, shouldExit = 1

                    input processor  destructor, shouldExit = 1

                    command buffer destructor, shouldExit = 1

                    publisher destructor, shouldExit = 1

                    character buffer destructor, shouldExit = 1

                    publisher destructor, shouldExit = 1

                    logger destructor, shouldExit = 1

                    bulk buffer destructor, shouldExit = 1

                    command buffer destructor, shouldExit = 1

                    character buffer destructor, shouldExit = 1

                    logger destructor, shouldExit = 1

                    bulk buffer destructor, shouldExit = 1

                    command buffer destructor, shouldExit = 1

                    character buffer destructor, shouldExit = 1
                                receiving started
                                receiving finished
                                receiving started
                                receiving finished
                                receiving started
                                receiving finished
                                receiving started
                                receiving finished
                                receiving started
                                receiving finished
                                receiving started
                                receiving finished
                                receiving started
                                receiving finished
                                receiving started
                                receiving finished
                                receiving started
                                receiving finished
                                receiving started
                                receiving finished
                                disconnect started
                                disconnect finished

                            AsyncCP destructor

                    input reader destructor, shouldExit = 1

                    input processor  destructor, shouldExit = 1

                    publisher destructor, shouldExit = 1

                    logger destructor, shouldExit = 1

                    bulk buffer destructor, shouldExit = 1

                    command buffer destructor, shouldExit = 1

                    character buffer destructor, shouldExit = 1
                                disconnect started
                                disconnect finished

                            AsyncCP destructor

                    input reader destructor, shouldExit = 1

                    input processor  destructor, shouldExit = 1

                    publisher destructor, shouldExit = 1

                    logger destructor, shouldExit = 1

                    bulk buffer destructor, shouldExit = 1

                    command buffer destructor, shouldExit = 1

                    character buffer destructor, shouldExit = 1
                                receiving started
                                receiving finished
                                receiving started
                                receiving finished
                                receiving started
                                receiving finished
                                disconnect started
                                disconnect finished

                            AsyncCP destructor

                    input reader destructor, shouldExit = 1

                    input processor  destructor, shouldExit = 1

                    publisher destructor, shouldExit = 1

                    logger destructor, shouldExit = 1

                    bulk buffer destructor, shouldExit = 1

                    command buffer destructor, shouldExit = 1

                    character buffer destructor, shouldExit = 1
                                receiving started
                                receiving finished
                                disconnect started
                                disconnect finished

                            AsyncCP destructor

                    input reader destructor, shouldExit = 1

                    input processor  destructor, shouldExit = 1

                    publisher destructor, shouldExit = 1

                    logger destructor, shouldExit = 1

                    bulk buffer destructor, shouldExit = 1

                    command buffer destructor, shouldExit = 1

                    character buffer destructor, shouldExit = 1

*** No errors detected
<end of output>
Test time =   0.02 sec
----------------------------------------------------------
Test Passed.
"test_hw_11" end time: Jul 05 07:44 UTC
"test_hw_11" time elapsed: 00:00:00
----------------------------------------------------------

End testing: Jul 05 07:44 UTC
