Start testing: Jun 27 10:21 UTC
----------------------------------------------------------
1/1 Testing: test_hw_11
1/1 Test: test_hw_11
Command: "/home/travis/build/Alkud/OTUS_HOMEWORK_11/otus_hw_11_test"
Directory: /home/travis/build/Alkud/OTUS_HOMEWORK_11
"test_hw_11" start time: Jun 27 10:21 UTC
Output:
----------------------------------------------------------
Running 7 test cases...

Command Processor ID: 1530094885044 metrics:
total received - 0 data chunk(s), 0 character(s), 0 string(s)
total processed - 0 string(s), 0 command(s), 0 bulk(s)
total displayed - 0 bulk(s), 0 command(s)
total saved by thread #0 - 0 bulk(s), 0 command(s)
total saved by thread #1 - 0 bulk(s), 0 command(s)


Command Processor ID: 1530094885548 metrics:
total received - 3 data chunk(s), 27 character(s), 13 string(s)
total processed - 13 string(s), 11 command(s), 3 bulk(s)
total displayed - 3 bulk(s), 11 command(s)
total saved by thread #0 - 3 bulk(s), 11 command(s)
total saved by thread #1 - 0 bulk(s), 0 command(s)


Command Processor ID: 1530094885439 metrics:
total received - 1 data chunk(s), 2 character(s), 1 string(s)
total processed - 1 string(s), 1 command(s), 1 bulk(s)
total displayed - 1 bulk(s), 1 command(s)
total saved by thread #0 - 1 bulk(s), 1 command(s)
total saved by thread #1 - 0 bulk(s), 0 command(s)


Command Processor ID: 1530094885579 metrics:
total received - 0 data chunk(s), 0 character(s), 0 string(s)
total processed - 0 string(s), 0 command(s), 0 bulk(s)
total displayed - 0 bulk(s), 0 command(s)
total saved by thread #0 - 0 bulk(s), 0 command(s)
total saved by thread #1 - 0 bulk(s), 0 command(s)


Command Processor ID: 1530094885085 metrics:
total received - 0 data chunk(s), 0 character(s), 0 string(s)
total processed - 0 string(s), 0 command(s), 0 bulk(s)
total displayed - 0 bulk(s), 0 command(s)
total saved by thread #0 - 0 bulk(s), 0 command(s)
total saved by thread #1 - 0 bulk(s), 0 command(s)


Command Processor ID: 1530094884691 metrics:
total received - 0 data chunk(s), 0 character(s), 0 string(s)
total processed - 0 string(s), 0 command(s), 0 bulk(s)
total displayed - 0 bulk(s), 0 command(s)
total saved by thread #0 - 0 bulk(s), 0 command(s)
total saved by thread #1 - 0 bulk(s), 0 command(s)


Command Processor ID: 1530094885457 metrics:
total received - 0 data chunk(s), 0 character(s), 0 string(s)
total processed - 0 string(s), 0 command(s), 0 bulk(s)
total displayed - 0 bulk(s), 0 command(s)
total saved by thread #0 - 0 bulk(s), 0 command(s)
total saved by thread #1 - 0 bulk(s), 0 command(s)


Command Processor ID: 1530094884999 metrics:
total received - 0 data chunk(s), 0 character(s), 0 string(s)
total processed - 0 string(s), 0 command(s), 0 bulk(s)
total displayed - 0 bulk(s), 0 command(s)
total saved by thread #0 - 0 bulk(s), 0 command(s)
total saved by thread #1 - 0 bulk(s), 0 command(s)


Command Processor ID: 1530094885313 metrics:
total received - 0 data chunk(s), 0 character(s), 0 string(s)
total processed - 0 string(s), 0 command(s), 0 bulk(s)
total displayed - 0 bulk(s), 0 command(s)
total saved by thread #0 - 0 bulk(s), 0 command(s)
total saved by thread #1 - 0 bulk(s), 0 command(s)


Command Processor ID: 1530094885354 metrics:
total received - 0 data chunk(s), 0 character(s), 0 string(s)
total processed - 0 string(s), 0 command(s), 0 bulk(s)
total displayed - 0 bulk(s), 0 command(s)
total saved by thread #0 - 0 bulk(s), 0 command(s)
total saved by thread #1 - 0 bulk(s), 0 command(s)


Command Processor ID: 1530094885050 metrics:
total received - 0 data chunk(s), 0 character(s), 0 string(s)
total processed - 0 string(s), 0 command(s), 0 bulk(s)
total displayed - 0 bulk(s), 0 command(s)
total saved by thread #0 - 0 bulk(s), 0 command(s)
total saved by thread #1 - 0 bulk(s), 0 command(s)


Command Processor ID: 1530094885156 metrics:
total received - 0 data chunk(s), 0 character(s), 0 string(s)
total processed - 0 string(s), 0 command(s), 0 bulk(s)
total displayed - 0 bulk(s), 0 command(s)
total saved by thread #0 - 0 bulk(s), 0 command(s)
total saved by thread #1 - 0 bulk(s), 0 command(s)


Command Processor ID: 1530094885026 metrics:
total received - 0 data chunk(s), 0 character(s), 0 string(s)
total processed - 0 string(s), 0 command(s), 0 bulk(s)
total displayed - 0 bulk(s), 0 command(s)
total saved by thread #0 - 0 bulk(s), 0 command(s)
total saved by thread #1 - 0 bulk(s), 0 command(s)


Command Processor ID: 1530094884741 metrics:
total received - 10 data chunk(s), 40 character(s), 10 string(s)
total processed - 10 string(s), 10 command(s), 2 bulk(s)
total displayed - 2 bulk(s), 10 command(s)
total saved by thread #0 - 1 bulk(s), 5 command(s)
total saved by thread #1 - 1 bulk(s), 5 command(s)


Command Processor ID: 1530094885446 metrics:
total received - 0 data chunk(s), 0 character(s), 0 string(s)
total processed - 0 string(s), 0 command(s), 0 bulk(s)
total displayed - 0 bulk(s), 0 command(s)
total saved by thread #0 - 0 bulk(s), 0 command(s)
total saved by thread #1 - 0 bulk(s), 0 command(s)


Command Processor ID: 1530094885610 metrics:
total received - 3 data chunk(s), 31 character(s), 11 string(s)
total processed - 11 string(s), 6 command(s), 1 bulk(s)
total displayed - 1 bulk(s), 6 command(s)
total saved by thread #0 - 1 bulk(s), 6 command(s)
total saved by thread #1 - 0 bulk(s), 0 command(s)


Command Processor ID: 1530094885224 metrics:
total received - 1 data chunk(s), 101 character(s), 1 string(s)
total processed - 1 string(s), 1 command(s), 1 bulk(s)
total displayed - 1 bulk(s), 1 command(s)
total saved by thread #0 - 0 bulk(s), 0 command(s)
total saved by thread #1 - 1 bulk(s), 1 command(s)


*** No errors detected
<end of output>
Test time =   0.03 sec
----------------------------------------------------------
Test Passed.
"test_hw_11" end time: Jun 27 10:21 UTC
"test_hw_11" time elapsed: 00:00:00
----------------------------------------------------------

End testing: Jun 27 10:21 UTC
