Start testing: Jul 04 23:45 UTC
----------------------------------------------------------
1/1 Testing: test_hw_11
1/1 Test: test_hw_11
Command: "/home/travis/build/Alkud/OTUS_HOMEWORK_11/otus_hw_11_test"
Directory: /home/travis/build/Alkud/OTUS_HOMEWORK_11
"test_hw_11" start time: Jul 04 23:45 UTC
Output:
----------------------------------------------------------
Running 7 test cases...
                                disconnect started
                                disconnect finished
                                receiving started
                                receiving finished
                                receiving started
                                receiving finished
                                receiving started
                                receiving finished
                                receiving started
                                receiving finished
                                disconnect started
                                disconnect finished
                                disconnect started
                                disconnect finished
                                disconnect started
                                disconnect started
                                disconnect started
                                disconnect started
                                disconnect started
                                disconnect finished
                                disconnect started
                                disconnect started
                                disconnect started
                                disconnect started
                                disconnect started
                                disconnect finished
                                disconnect finished
                                disconnect finished
                                disconnect finished
                                disconnect finished
                                disconnect finished
                                disconnect finished
                                disconnect finished
                                disconnect finished
                                receiving started
                                receiving finished
                                receiving started
                                receiving finished
                                receiving started
                                receiving finished
                                receiving started
                                receiving finished
                                receiving started
                                receiving finished
                                receiving started
                                receiving finished
                                receiving started
                                receiving finished
                                receiving started
                                receiving finished
                                receiving started
                                receiving finished
                                receiving started
                                receiving finished
                                disconnect started
                                disconnect finished
                                disconnect started
                                disconnect finished
                                receiving started
                                receiving finished
                                receiving started
                                receiving finished
                                receiving started
                                receiving finished
                                disconnect started
                                disconnect finished
                                receiving started
                                receiving finished
                                disconnect started
                                disconnect finished

*** No errors detected
<end of output>
Test time =   1.03 sec
----------------------------------------------------------
Test Passed.
"test_hw_11" end time: Jul 04 23:45 UTC
"test_hw_11" time elapsed: 00:00:01
----------------------------------------------------------

End testing: Jul 04 23:45 UTC
