Start testing: Jul 05 08:52 UTC
----------------------------------------------------------
1/1 Testing: test_hw_11
1/1 Test: test_hw_11
Command: "/home/travis/build/Alkud/OTUS_HOMEWORK_11/otus_hw_11_test"
Directory: /home/travis/build/Alkud/OTUS_HOMEWORK_11
"test_hw_11" start time: Jul 05 08:52 UTC
Output:
----------------------------------------------------------
Running 7 test cases...
                                disconnect started

NoMoreData. thread#47693568859584

NoMoreData. thread#47693678270208

NoMoreData. thread#47693676168960
                                disconnect finished

                            AsyncCP destructor started

                            AsyncCP destructor finished
                                receiving started

putItem. thread#47693568859584
                                receiving finished
                                receiving started

putItem. thread#47693568859584
                                receiving finished
                                receiving started

putItem. thread#47693568859584
                                receiving finished
                                receiving started

putItem. thread#47693568859584
                                receiving finished
                                disconnect started

NoMoreData. thread#47693568859584

putItem. thread#47693680371456

putItem. thread#47693680371456

putItem. thread#47693680371456

putItem. thread#47693680371456

putItem. thread#47693680371456

putItem. thread#47693680371456

putItem. thread#47693680371456

putItem. thread#47693680371456

putItem. thread#47693680371456

putItem. thread#47693680371456

putItem. thread#47693680371456

putItem. thread#47693680371456

putItem. thread#47693680371456

NoMoreData. thread#47693680371456

putItem. thread#47693678270208

putItem. thread#47693678270208

putItem. thread#47693678270208

putItem. thread#47693697181440

NoMoreData. thread#47693678270208
                                disconnect finished

                            AsyncCP destructor started

                            AsyncCP destructor finished
                                disconnect started

NoMoreData. thread#47693568859584

NoMoreData. thread#47693697181440

putItem. thread#47693695080192

NoMoreData. thread#47693695080192
                                disconnect finished

                            AsyncCP destructor started

                            AsyncCP destructor finished
                                disconnect started

NoMoreData. thread#47693682472704
                                disconnect started

NoMoreData. thread#47693684573952

NoMoreData. thread#47693699282688

NoMoreData. thread#47693680371456
                                disconnect finished

                            AsyncCP destructor started

                            AsyncCP destructor finished
                                disconnect started

NoMoreData. thread#47693688776448
                                disconnect started

NoMoreData. thread#47693686675200
                                disconnect started

NoMoreData. thread#47693692978944
                                disconnect started

NoMoreData. thread#47693695080192

NoMoreData. thread#47693680371456

NoMoreData. thread#47693671966464
                                disconnect started

NoMoreData. thread#47693697181440
                                disconnect finished

                            AsyncCP destructor started

                            AsyncCP destructor finished
                                disconnect started

NoMoreData. thread#47693676168960

NoMoreData. thread#47693669865216

NoMoreData. thread#47693595735808
                                disconnect started

NoMoreData. thread#47693690877696
                                disconnect finished

                            AsyncCP destructor started

                            AsyncCP destructor finished

NoMoreData. thread#47693682472704

NoMoreData. thread#47693720295168

NoMoreData. thread#47693595735808

NoMoreData. thread#47693674067712
                                disconnect started

NoMoreData. thread#47693597837056
                                disconnect finished

                            AsyncCP destructor started

                            AsyncCP destructor finished

NoMoreData. thread#47693711890176

NoMoreData. thread#47693671966464
                                disconnect finished

                            AsyncCP destructor started

                            AsyncCP destructor finished
                                disconnect finished

                            AsyncCP destructor started

                            AsyncCP destructor finished

NoMoreData. thread#47693699282688

NoMoreData. thread#47693730801408

NoMoreData. thread#47694542280448

NoMoreData. thread#47693722396416
                                disconnect finished

                            AsyncCP destructor started

                            AsyncCP destructor finished

NoMoreData. thread#47693718193920
                                disconnect finished

                            AsyncCP destructor started

                            AsyncCP destructor finished

NoMoreData. thread#47693690877696

NoMoreData. thread#47693713991424

NoMoreData. thread#47693678270208
                                disconnect finished

                            AsyncCP destructor started

                            AsyncCP destructor finished
                                disconnect finished

                            AsyncCP destructor started

                            AsyncCP destructor finished
                                receiving started

putItem. thread#47693678270208
                                receiving finished
                                receiving started

putItem. thread#47693688776448
                                receiving finished
                                receiving started

putItem. thread#47694559090432
                                receiving finished
                                receiving started

putItem. thread#47693593634560
                                receiving finished
                                receiving started

putItem. thread#47693692978944
                                receiving finished
                                receiving started

putItem. thread#47694550685440
                                receiving finished
                                receiving started

putItem. thread#47694544381696
                                receiving finished
                                receiving started

putItem. thread#47693695080192
                                receiving finished
                                receiving started

putItem. thread#47693676168960
                                receiving finished
                                receiving started

putItem. thread#47693697181440
                                receiving finished
                                disconnect started

NoMoreData. thread#47693568859584

putItem. thread#47693716092672

putItem. thread#47693716092672

putItem. thread#47693716092672

putItem. thread#47693716092672

putItem. thread#47693716092672

putItem. thread#47693716092672

putItem. thread#47693716092672

putItem. thread#47693716092672

putItem. thread#47693716092672

putItem. thread#47693716092672

NoMoreData. thread#47693716092672

putItem. thread#47693690877696

putItem. thread#47693690877696

NoMoreData. thread#47693690877696
                                disconnect finished

                            AsyncCP destructor started

                            AsyncCP destructor finished
                                disconnect started

NoMoreData. thread#47693568859584

NoMoreData. thread#47693716092672

NoMoreData. thread#47693597837056
                                disconnect finished

                            AsyncCP destructor started

                            AsyncCP destructor finished
                                receiving started

putItem. thread#47693568859584
                                receiving finished
                                receiving started

putItem. thread#47693568859584
                                receiving finished
                                receiving started

putItem. thread#47693568859584
                                receiving finished
                                disconnect started

NoMoreData. thread#47693568859584

putItem. thread#47693716092672

putItem. thread#47693716092672

putItem. thread#47693716092672

putItem. thread#47693716092672

putItem. thread#47693716092672

putItem. thread#47693716092672

putItem. thread#47693716092672

putItem. thread#47693716092672

putItem. thread#47693716092672

putItem. thread#47693726598912

putItem. thread#47693716092672

putItem. thread#47693716092672

NoMoreData. thread#47693716092672

NoMoreData. thread#47693726598912
                                disconnect finished

                            AsyncCP destructor started

                            AsyncCP destructor finished
                                receiving started

putItem. thread#47693568859584
                                receiving finished
                                disconnect started

NoMoreData. thread#47693568859584

putItem. thread#47693716092672

NoMoreData. thread#47693716092672

putItem. thread#47693709788928

NoMoreData. thread#47693709788928
                                disconnect finished

                            AsyncCP destructor started

                            AsyncCP destructor finished

*** No errors detected
<end of output>
Test time =   0.02 sec
----------------------------------------------------------
Test Passed.
"test_hw_11" end time: Jul 05 08:52 UTC
"test_hw_11" time elapsed: 00:00:00
----------------------------------------------------------

End testing: Jul 05 08:52 UTC
