Start testing: Jul 08 15:21 UTC
----------------------------------------------------------
1/1 Testing: test_hw_11
1/1 Test: test_hw_11
Command: "/home/travis/build/Alkud/OTUS_HOMEWORK_11/otus_hw_11_test"
Directory: /home/travis/build/Alkud/OTUS_HOMEWORK_11
"test_hw_11" start time: Jul 08 15:21 UTC
Output:
----------------------------------------------------------
Running 6 test cases...

                            AsyncCP constructor

                            AsyncCP constructor

                            AsyncCP destructor

                            AsyncCP destructor

                            AsyncCP constructor

                            AsyncCP constructor

                            AsyncCP constructor

                            AsyncCP constructor

                            AsyncCP constructor

                            AsyncCP constructor

                            AsyncCP constructor

                            AsyncCP constructor

                            AsyncCP constructor

                            AsyncCP destructor

                            AsyncCP constructor

                            AsyncCP destructor

                            AsyncCP destructor

                            AsyncCP destructor

                            AsyncCP destructor

                            AsyncCP destructor

                            AsyncCP destructor

                            AsyncCP destructor

                            AsyncCP destructor

                            AsyncCP destructor

                            AsyncCP constructor

                            AsyncCP destructor

                            AsyncCP constructor

                            AsyncCP destructor

                            AsyncCP constructor

                            AsyncCP destructor

                            AsyncCP constructor

                            AsyncCP destructor

*** No errors detected
<end of output>
Test time =   0.03 sec
----------------------------------------------------------
Test Passed.
"test_hw_11" end time: Jul 08 15:21 UTC
"test_hw_11" time elapsed: 00:00:00
----------------------------------------------------------

End testing: Jul 08 15:21 UTC
