Start testing: Jul 08 10:49 UTC
----------------------------------------------------------
1/1 Testing: test_hw_11
1/1 Test: test_hw_11
Command: "/home/travis/build/Alkud/OTUS_HOMEWORK_11/otus_hw_11_test"
Directory: /home/travis/build/Alkud/OTUS_HOMEWORK_11
"test_hw_11" start time: Jul 08 10:49 UTC
Output:
----------------------------------------------------------
Running 6 test cases...
                                activeReceptionCount at receive:1
                                activeReceptionCount at receive:1
                                activeReceptionCount at receive:1
                                activeReceptionCount at receive:1
                                activeReceptionCount after disconnect:0

------destroy ACP-------

                            AsyncCP destructor

------delete handle-------
                                activeReceptionCount after disconnect:0

------destroy ACP-------

                            AsyncCP destructor

------delete handle-------
                                activeReceptionCount after disconnect:0
                                activeReceptionCount after disconnect:0
                                activeReceptionCount after disconnect:0
                                activeReceptionCount after disconnect:0
                                activeReceptionCount after disconnect:
------destroy ACP-------
0

                            AsyncCP destructor
                                activeReceptionCount after disconnect:0

------delete handle-------
                                activeReceptionCount after disconnect:0
                                activeReceptionCount after disconnect:0
                                activeReceptionCount after disconnect:0
                                activeReceptionCount after disconnect:0

------destroy ACP-------

                            AsyncCP destructor

------delete handle-------

------destroy ACP-------

                            AsyncCP destructor

------delete handle-------

------destroy ACP-------

                            AsyncCP destructor

------delete handle-------

------destroy ACP-------

                            AsyncCP destructor

------delete handle-------

------destroy ACP-------

                            AsyncCP destructor

------destroy ACP-------

                            AsyncCP destructor

------destroy ACP-------

                            AsyncCP destructor

------delete handle-------

------destroy ACP-------

                            AsyncCP destructor

------delete handle-------

------delete handle-------

------destroy ACP-------

                            AsyncCP destructor

------delete handle-------

------delete handle-------
                                activeReceptionCount at receive:1
                                activeReceptionCount at receive:1
                                activeReceptionCount at receive:1
                                activeReceptionCount at receive:1
                                activeReceptionCount at receive:1
                                activeReceptionCount at receive:1
                                activeReceptionCount at receive:1
                                activeReceptionCount at receive:1
                                activeReceptionCount at receive:1
                                activeReceptionCount at receive:1
                                activeReceptionCount after disconnect:0

------destroy ACP-------

                            AsyncCP destructor

------delete handle-------
                                activeReceptionCount after disconnect:0

------destroy ACP-------

                            AsyncCP destructor

------delete handle-------
                                activeReceptionCount at receive:1
                                activeReceptionCount at receive:1
                                activeReceptionCount at receive:1
                                activeReceptionCount after disconnect:0

------destroy ACP-------

                            AsyncCP destructor

------delete handle-------
                                activeReceptionCount at receive:1
                                activeReceptionCount after disconnect:0

------destroy ACP-------

                            AsyncCP destructor

------delete handle-------

*** No errors detected
<end of output>
Test time =   0.03 sec
----------------------------------------------------------
Test Passed.
"test_hw_11" end time: Jul 08 10:49 UTC
"test_hw_11" time elapsed: 00:00:00
----------------------------------------------------------

End testing: Jul 08 10:49 UTC
